<?xml version="1.0" encoding="UTF-8"?>
<!-- Generated by org.testng.reporters.JUnitXMLReporter -->
<testsuite hostname="Neils-MacBook-Pro.local" name="Default test" tests="4" failures="0" timestamp="24 Apr 2015 17:50:56 GMT" time="39.534" errors="0">
  <testcase name="webDriver" time="12.592" classname="com.yourcompany.SampleSauceTest"/>
  <testcase name="webDriver" time="17.671" classname="com.yourcompany.SampleSauceTest"/>
  <testcase name="webDriverTest" time="16.188" classname="com.yourcompany.SampleSauceTest"/>
  <testcase name="webDriverTest" time="21.684" classname="com.yourcompany.SampleSauceTest"/>
</testsuite> <!-- Default test -->
