<?xml version="1.0" encoding="UTF-8"?>
<testng-results skipped="0" failed="0" total="4" passed="4">
  <reporter-output>
  </reporter-output>
  <suite name="Default suite" duration-ms="39534" started-at="2015-04-24T17:50:16Z" finished-at="2015-04-24T17:50:56Z">
    <groups>
    </groups>
    <test name="Default test" duration-ms="39534" started-at="2015-04-24T17:50:16Z" finished-at="2015-04-24T17:50:56Z">
      <class name="com.yourcompany.SampleSauceTest">
        <test-method status="PASS" signature="webDriver(java.lang.String, java.lang.String, java.lang.String)[pri:0, instance:com.yourcompany.SampleSauceTest@4cb9e45a]" name="webDriver" duration-ms="17671" started-at="2015-04-24T10:50:16Z" data-provider="hardCodedBrowsers" finished-at="2015-04-24T10:50:34Z">
          <params>
            <param index="0">
              <value>
                <![CDATA[internet explorer]]>
              </value>
            </param>
            <param index="1">
              <value>
                <![CDATA[11]]>
              </value>
            </param>
            <param index="2">
              <value>
                <![CDATA[Windows 8.1]]>
              </value>
            </param>
          </params>
          <reporter-output>
          </reporter-output>
        </test-method> <!-- webDriver -->
        <test-method status="PASS" signature="webDriver(java.lang.String, java.lang.String, java.lang.String)[pri:0, instance:com.yourcompany.SampleSauceTest@4cb9e45a]" name="webDriver" duration-ms="12592" started-at="2015-04-24T10:50:16Z" data-provider="hardCodedBrowsers" finished-at="2015-04-24T10:50:29Z">
          <params>
            <param index="0">
              <value>
                <![CDATA[safari]]>
              </value>
            </param>
            <param index="1">
              <value>
                <![CDATA[6]]>
              </value>
            </param>
            <param index="2">
              <value>
                <![CDATA[OSX 10.8]]>
              </value>
            </param>
          </params>
          <reporter-output>
          </reporter-output>
        </test-method> <!-- webDriver -->
        <test-method status="PASS" signature="webDriverTest(java.lang.String, java.lang.String, java.lang.String)[pri:0, instance:com.yourcompany.SampleSauceTest@4cb9e45a]" name="webDriverTest" duration-ms="16188" started-at="2015-04-24T10:50:34Z" data-provider="hardCodedBrowsers" finished-at="2015-04-24T10:50:50Z">
          <params>
            <param index="0">
              <value>
                <![CDATA[safari]]>
              </value>
            </param>
            <param index="1">
              <value>
                <![CDATA[6]]>
              </value>
            </param>
            <param index="2">
              <value>
                <![CDATA[OSX 10.8]]>
              </value>
            </param>
          </params>
          <reporter-output>
          </reporter-output>
        </test-method> <!-- webDriverTest -->
        <test-method status="PASS" signature="webDriverTest(java.lang.String, java.lang.String, java.lang.String)[pri:0, instance:com.yourcompany.SampleSauceTest@4cb9e45a]" name="webDriverTest" duration-ms="21684" started-at="2015-04-24T10:50:34Z" data-provider="hardCodedBrowsers" finished-at="2015-04-24T10:50:56Z">
          <params>
            <param index="0">
              <value>
                <![CDATA[internet explorer]]>
              </value>
            </param>
            <param index="1">
              <value>
                <![CDATA[11]]>
              </value>
            </param>
            <param index="2">
              <value>
                <![CDATA[Windows 8.1]]>
              </value>
            </param>
          </params>
          <reporter-output>
          </reporter-output>
        </test-method> <!-- webDriverTest -->
      </class> <!-- com.yourcompany.SampleSauceTest -->
    </test> <!-- Default test -->
  </suite> <!-- Default suite -->
</testng-results>
